<?xml version="1.0" encoding="UTF-8"?>
<!-- Generated by org.testng.reporters.JUnitXMLReporter -->
<testsuite hostname="lixionggang-PC" name="192.168.56.102:5555" tests="1" failures="1" timestamp="27 Apr 2016 15:14:14 GMT" time="110.522" errors="0">
  <testcase name="personInfo" time="84.923" classname="cn.crazy.appium.testcases.XinChangTaiTest">
    <failure type="java.lang.AssertionError" message="null">
      <![CDATA[java.lang.AssertionError: null
	at cn.crazy.appium.testng.Assertion.fail(Assertion.java:63)
	at cn.crazy.appium.testng.Assertion.assertEquals(Assertion.java:19)
	at cn.crazy.appium.page.PersonInofPage.personChange(PersonInofPage.java:130)
	at cn.crazy.appium.testcases.XinChangTaiTest.personInfo(XinChangTaiTest.java:31)
	at java.util.concurrent.FutureTask.run(FutureTask.java:266)
	at java.util.concurrent.ThreadPoolExecutor.runWorker(ThreadPoolExecutor.java:1142)
	at java.util.concurrent.ThreadPoolExecutor$Worker.run(ThreadPoolExecutor.java:617)
	at java.lang.Thread.run(Thread.java:745)
... Removed 18 stack frames]]>
    </failure>
  </testcase> <!-- personInfo -->
</testsuite> <!-- 192.168.56.102:5555 -->
